<?xml version="1.0" encoding="UTF-8"?>
<testsuite xmlns:xsi="http://www.w3.org/2001/XMLSchema-instance" xsi:noNamespaceSchemaLocation="https://maven.apache.org/surefire/maven-surefire-plugin/xsd/surefire-test-report-3.0.xsd" version="3.0" name="mg.hello.GreetingTest" time="20.003" tests="4" errors="0" skipped="0" failures="0">
  <properties>
    <property name="java.specification.version" value="13"/>
    <property name="vertx.cacheDirBase" value="/tmp"/>
    <property name="test.url" value="http://localhost:8081"/>
    <property name="sun.jnu.encoding" value="UTF-8"/>
    <property name="java.class.path" value="/Users/andrianarison/Desktop/hello/target/test-classes:/Users/andrianarison/Desktop/hello/target/classes:/Users/andrianarison/.m2/repository/io/quarkus/quarkus-resteasy/1.11.3.Final/quarkus-resteasy-1.11.3.Final.jar:/Users/andrianarison/.m2/repository/io/quarkus/quarkus-vertx-http/1.11.3.Final/quarkus-vertx-http-1.11.3.Final.jar:/Users/andrianarison/.m2/repository/io/quarkus/quarkus-security-runtime-spi/1.11.3.Final/quarkus-security-runtime-spi-1.11.3.Final.jar:/Users/andrianarison/.m2/repository/io/quarkus/quarkus-vertx-http-dev-console-runtime-spi/1.11.3.Final/quarkus-vertx-http-dev-console-runtime-spi-1.11.3.Final.jar:/Users/andrianarison/.m2/repository/io/quarkus/quarkus-vertx-core/1.11.3.Final/quarkus-vertx-core-1.11.3.Final.jar:/Users/andrianarison/.m2/repository/io/vertx/vertx-web/3.9.5/vertx-web-3.9.5.jar:/Users/andrianarison/.m2/repository/io/vertx/vertx-web-common/3.9.5/vertx-web-common-3.9.5.jar:/Users/andrianarison/.m2/repository/io/vertx/vertx-auth-common/3.9.5/vertx-auth-common-3.9.5.jar:/Users/andrianarison/.m2/repository/io/vertx/vertx-bridge-common/3.9.5/vertx-bridge-common-3.9.5.jar:/Users/andrianarison/.m2/repository/io/quarkus/quarkus-resteasy-server-common/1.11.3.Final/quarkus-resteasy-server-common-1.11.3.Final.jar:/Users/andrianarison/.m2/repository/io/quarkus/quarkus-resteasy-common/1.11.3.Final/quarkus-resteasy-common-1.11.3.Final.jar:/Users/andrianarison/.m2/repository/org/jboss/resteasy/resteasy-core/4.5.8.SP1/resteasy-core-4.5.8.SP1.jar:/Users/andrianarison/.m2/repository/org/jboss/spec/javax/ws/rs/jboss-jaxrs-api_2.1_spec/2.0.1.Final/jboss-jaxrs-api_2.1_spec-2.0.1.Final.jar:/Users/andrianarison/.m2/repository/org/jboss/spec/javax/xml/bind/jboss-jaxb-api_2.3_spec/2.0.0.Final/jboss-jaxb-api_2.3_spec-2.0.0.Final.jar:/Users/andrianarison/.m2/repository/org/jboss/resteasy/resteasy-core-spi/4.5.8.SP1/resteasy-core-spi-4.5.8.SP1.jar:/Users/andrianarison/.m2/repository/com/ibm/async/asyncutil/0.1.0/asyncutil-0.1.0.jar:/Users/andrianarison/.m2/repository/org/eclipse/microprofile/config/microprofile-config-api/1.4/microprofile-config-api-1.4.jar:/Users/andrianarison/.m2/repository/com/sun/activation/jakarta.activation/1.2.1/jakarta.activation-1.2.1.jar:/Users/andrianarison/.m2/repository/jakarta/validation/jakarta.validation-api/2.0.2/jakarta.validation-api-2.0.2.jar:/Users/andrianarison/.m2/repository/io/quarkus/quarkus-undertow/1.11.3.Final/quarkus-undertow-1.11.3.Final.jar:/Users/andrianarison/.m2/repository/io/quarkus/quarkus-arc/1.11.3.Final/quarkus-arc-1.11.3.Final.jar:/Users/andrianarison/.m2/repository/io/quarkus/arc/arc/1.11.3.Final/arc-1.11.3.Final.jar:/Users/andrianarison/.m2/repository/jakarta/transaction/jakarta.transaction-api/1.3.3/jakarta.transaction-api-1.3.3.jar:/Users/andrianarison/.m2/repository/io/quarkus/security/quarkus-security/1.1.3.Final/quarkus-security-1.1.3.Final.jar:/Users/andrianarison/.m2/repository/org/jboss/logging/jboss-logging/3.4.1.Final/jboss-logging-3.4.1.Final.jar:/Users/andrianarison/.m2/repository/io/smallrye/reactive/mutiny/0.12.5/mutiny-0.12.5.jar:/Users/andrianarison/.m2/repository/org/reactivestreams/reactive-streams/1.0.3/reactive-streams-1.0.3.jar:/Users/andrianarison/.m2/repository/jakarta/enterprise/jakarta.enterprise.cdi-api/2.0.2/jakarta.enterprise.cdi-api-2.0.2.jar:/Users/andrianarison/.m2/repository/jakarta/el/jakarta.el-api/3.0.3/jakarta.el-api-3.0.3.jar:/Users/andrianarison/.m2/repository/jakarta/interceptor/jakarta.interceptor-api/1.2.5/jakarta.interceptor-api-1.2.5.jar:/Users/andrianarison/.m2/repository/jakarta/inject/jakarta.inject-api/1.0/jakarta.inject-api-1.0.jar:/Users/andrianarison/.m2/repository/io/quarkus/http/quarkus-http-servlet/3.0.18.Final/quarkus-http-servlet-3.0.18.Final.jar:/Users/andrianarison/.m2/repository/jakarta/servlet/jakarta.servlet-api/4.0.3/jakarta.servlet-api-4.0.3.jar:/Users/andrianarison/.m2/repository/jakarta/annotation/jakarta.annotation-api/1.3.5/jakarta.annotation-api-1.3.5.jar:/Users/andrianarison/.m2/repository/io/quarkus/http/quarkus-http-vertx-backend/3.0.18.Final/quarkus-http-vertx-backend-3.0.18.Final.jar:/Users/andrianarison/.m2/repository/io/vertx/vertx-core/3.9.5/vertx-core-3.9.5.jar:/Users/andrianarison/.m2/repository/io/netty/netty-common/4.1.49.Final/netty-common-4.1.49.Final.jar:/Users/andrianarison/.m2/repository/io/netty/netty-buffer/4.1.49.Final/netty-buffer-4.1.49.Final.jar:/Users/andrianarison/.m2/repository/io/netty/netty-transport/4.1.49.Final/netty-transport-4.1.49.Final.jar:/Users/andrianarison/.m2/repository/io/netty/netty-handler/4.1.49.Final/netty-handler-4.1.49.Final.jar:/Users/andrianarison/.m2/repository/io/netty/netty-handler-proxy/4.1.49.Final/netty-handler-proxy-4.1.49.Final.jar:/Users/andrianarison/.m2/repository/io/netty/netty-codec-socks/4.1.49.Final/netty-codec-socks-4.1.49.Final.jar:/Users/andrianarison/.m2/repository/io/netty/netty-codec-http2/4.1.49.Final/netty-codec-http2-4.1.49.Final.jar:/Users/andrianarison/.m2/repository/io/netty/netty-resolver/4.1.49.Final/netty-resolver-4.1.49.Final.jar:/Users/andrianarison/.m2/repository/io/netty/netty-resolver-dns/4.1.49.Final/netty-resolver-dns-4.1.49.Final.jar:/Users/andrianarison/.m2/repository/io/netty/netty-codec-dns/4.1.49.Final/netty-codec-dns-4.1.49.Final.jar:/Users/andrianarison/.m2/repository/io/quarkus/http/quarkus-http-http-core/3.0.18.Final/quarkus-http-http-core-3.0.18.Final.jar:/Users/andrianarison/.m2/repository/io/quarkus/http/quarkus-http-core/3.0.18.Final/quarkus-http-core-3.0.18.Final.jar:/Users/andrianarison/.m2/repository/io/netty/netty-codec-http/4.1.49.Final/netty-codec-http-4.1.49.Final.jar:/Users/andrianarison/.m2/repository/io/netty/netty-codec/4.1.49.Final/netty-codec-4.1.49.Final.jar:/Users/andrianarison/.m2/repository/io/quarkus/quarkus-core/1.11.3.Final/quarkus-core-1.11.3.Final.jar:/Users/andrianarison/.m2/repository/io/quarkus/quarkus-ide-launcher/1.11.3.Final/quarkus-ide-launcher-1.11.3.Final.jar:/Users/andrianarison/.m2/repository/io/quarkus/quarkus-development-mode-spi/1.11.3.Final/quarkus-development-mode-spi-1.11.3.Final.jar:/Users/andrianarison/.m2/repository/io/smallrye/config/smallrye-config/1.10.2/smallrye-config-1.10.2.jar:/Users/andrianarison/.m2/repository/io/smallrye/config/smallrye-config-common/1.10.2/smallrye-config-common-1.10.2.jar:/Users/andrianarison/.m2/repository/io/smallrye/common/smallrye-common-expression/1.5.0/smallrye-common-expression-1.5.0.jar:/Users/andrianarison/.m2/repository/io/smallrye/common/smallrye-common-function/1.5.0/smallrye-common-function-1.5.0.jar:/Users/andrianarison/.m2/repository/io/smallrye/common/smallrye-common-constraint/1.5.0/smallrye-common-constraint-1.5.0.jar:/Users/andrianarison/.m2/repository/io/smallrye/common/smallrye-common-classloader/1.5.0/smallrye-common-classloader-1.5.0.jar:/Users/andrianarison/.m2/repository/org/jboss/logmanager/jboss-logmanager-embedded/1.0.6/jboss-logmanager-embedded-1.0.6.jar:/Users/andrianarison/.m2/repository/org/jboss/logging/jboss-logging-annotations/2.2.0.Final/jboss-logging-annotations-2.2.0.Final.jar:/Users/andrianarison/.m2/repository/org/jboss/threads/jboss-threads/3.2.0.Final/jboss-threads-3.2.0.Final.jar:/Users/andrianarison/.m2/repository/org/slf4j/slf4j-api/1.7.30/slf4j-api-1.7.30.jar:/Users/andrianarison/.m2/repository/org/jboss/slf4j/slf4j-jboss-logmanager/1.1.0.Final/slf4j-jboss-logmanager-1.1.0.Final.jar:/Users/andrianarison/.m2/repository/org/graalvm/sdk/graal-sdk/20.3.1/graal-sdk-20.3.1.jar:/Users/andrianarison/.m2/repository/org/wildfly/common/wildfly-common/1.5.4.Final-format-001/wildfly-common-1.5.4.Final-format-001.jar:/Users/andrianarison/.m2/repository/io/quarkus/quarkus-bootstrap-runner/1.11.3.Final/quarkus-bootstrap-runner-1.11.3.Final.jar:/Users/andrianarison/.m2/repository/org/eclipse/microprofile/context-propagation/microprofile-context-propagation-api/1.0.1/microprofile-context-propagation-api-1.0.1.jar:/Users/andrianarison/.m2/repository/io/quarkus/quarkus-vertx-web/1.11.3.Final/quarkus-vertx-web-1.11.3.Final.jar:/Users/andrianarison/.m2/repository/io/quarkus/quarkus-vertx/1.11.3.Final/quarkus-vertx-1.11.3.Final.jar:/Users/andrianarison/.m2/repository/io/quarkus/quarkus-netty/1.11.3.Final/quarkus-netty-1.11.3.Final.jar:/Users/andrianarison/.m2/repository/io/smallrye/reactive/smallrye-axle-generator/1.3.0/smallrye-axle-generator-1.3.0.jar:/Users/andrianarison/.m2/repository/io/smallrye/reactive/mutiny-reactive-streams-operators/0.12.5/mutiny-reactive-streams-operators-0.12.5.jar:/Users/andrianarison/.m2/repository/org/eclipse/microprofile/reactive-streams-operators/microprofile-reactive-streams-operators-api/1.0.1/microprofile-reactive-streams-operators-api-1.0.1.jar:/Users/andrianarison/.m2/repository/org/eclipse/microprofile/reactive-streams-operators/microprofile-reactive-streams-operators-core/1.0.1/microprofile-reactive-streams-operators-core-1.0.1.jar:/Users/andrianarison/.m2/repository/io/smallrye/reactive/smallrye-axle-core/1.3.0/smallrye-axle-core-1.3.0.jar:/Users/andrianarison/.m2/repository/io/vertx/vertx-rx-java2/3.9.5/vertx-rx-java2-3.9.5.jar:/Users/andrianarison/.m2/repository/io/reactivex/rxjava2/rxjava/2.2.20/rxjava-2.2.20.jar:/Users/andrianarison/.m2/repository/io/vertx/vertx-rx-gen/3.9.5/vertx-rx-gen-3.9.5.jar:/Users/andrianarison/.m2/repository/io/vertx/vertx-codegen/3.9.5/vertx-codegen-3.9.5.jar:/Users/andrianarison/.m2/repository/org/mvel/mvel2/2.3.1.Final/mvel2-2.3.1.Final.jar:/Users/andrianarison/.m2/repository/io/quarkus/quarkus-mutiny/1.11.3.Final/quarkus-mutiny-1.11.3.Final.jar:/Users/andrianarison/.m2/repository/io/quarkus/quarkus-smallrye-context-propagation/1.11.3.Final/quarkus-smallrye-context-propagation-1.11.3.Final.jar:/Users/andrianarison/.m2/repository/io/smallrye/smallrye-context-propagation/1.0.19/smallrye-context-propagation-1.0.19.jar:/Users/andrianarison/.m2/repository/io/smallrye/smallrye-context-propagation-api/1.0.19/smallrye-context-propagation-api-1.0.19.jar:/Users/andrianarison/.m2/repository/io/smallrye/reactive/mutiny-context-propagation/0.12.5/mutiny-context-propagation-0.12.5.jar:/Users/andrianarison/.m2/repository/io/smallrye/reactive/smallrye-mutiny-vertx-core/1.3.0/smallrye-mutiny-vertx-core-1.3.0.jar:/Users/andrianarison/.m2/repository/io/smallrye/reactive/smallrye-mutiny-vertx-runtime/1.3.0/smallrye-mutiny-vertx-runtime-1.3.0.jar:/Users/andrianarison/.m2/repository/io/smallrye/reactive/vertx-mutiny-generator/1.3.0/vertx-mutiny-generator-1.3.0.jar:/Users/andrianarison/.m2/repository/io/smallrye/common/smallrye-common-annotation/1.5.0/smallrye-common-annotation-1.5.0.jar:/Users/andrianarison/.m2/repository/io/quarkus/quarkus-funqy-http/1.11.3.Final/quarkus-funqy-http-1.11.3.Final.jar:/Users/andrianarison/.m2/repository/io/quarkus/quarkus-funqy-server-common/1.11.3.Final/quarkus-funqy-server-common-1.11.3.Final.jar:/Users/andrianarison/.m2/repository/io/quarkus/quarkus-jackson/1.11.3.Final/quarkus-jackson-1.11.3.Final.jar:/Users/andrianarison/.m2/repository/com/fasterxml/jackson/core/jackson-databind/2.11.3/jackson-databind-2.11.3.jar:/Users/andrianarison/.m2/repository/com/fasterxml/jackson/core/jackson-annotations/2.11.3/jackson-annotations-2.11.3.jar:/Users/andrianarison/.m2/repository/com/fasterxml/jackson/core/jackson-core/2.11.3/jackson-core-2.11.3.jar:/Users/andrianarison/.m2/repository/com/fasterxml/jackson/datatype/jackson-datatype-jsr310/2.11.3/jackson-datatype-jsr310-2.11.3.jar:/Users/andrianarison/.m2/repository/com/fasterxml/jackson/datatype/jackson-datatype-jdk8/2.11.3/jackson-datatype-jdk8-2.11.3.jar:/Users/andrianarison/.m2/repository/com/fasterxml/jackson/module/jackson-module-parameter-names/2.11.3/jackson-module-parameter-names-2.11.3.jar:/Users/andrianarison/.m2/repository/io/quarkus/quarkus-amazon-lambda-http/1.11.3.Final/quarkus-amazon-lambda-http-1.11.3.Final.jar:/Users/andrianarison/.m2/repository/io/quarkus/quarkus-amazon-lambda/1.11.3.Final/quarkus-amazon-lambda-1.11.3.Final.jar:/Users/andrianarison/.m2/repository/io/quarkus/quarkus-amazon-lambda-common/1.11.3.Final/quarkus-amazon-lambda-common-1.11.3.Final.jar:/Users/andrianarison/.m2/repository/com/amazonaws/aws-lambda-java-events/3.7.0/aws-lambda-java-events-3.7.0.jar:/Users/andrianarison/.m2/repository/com/fasterxml/jackson/datatype/jackson-datatype-joda/2.11.3/jackson-datatype-joda-2.11.3.jar:/Users/andrianarison/.m2/repository/joda-time/joda-time/2.9.9/joda-time-2.9.9.jar:/Users/andrianarison/.m2/repository/com/amazonaws/serverless/aws-serverless-java-container-core/1.3.1/aws-serverless-java-container-core-1.3.1.jar:/Users/andrianarison/.m2/repository/com/amazonaws/aws-lambda-java-core/1.2.1/aws-lambda-java-core-1.2.1.jar:/Users/andrianarison/.m2/repository/com/fasterxml/jackson/module/jackson-module-afterburner/2.11.3/jackson-module-afterburner-2.11.3.jar:/Users/andrianarison/.m2/repository/commons-fileupload/commons-fileupload/1.4/commons-fileupload-1.4.jar:/Users/andrianarison/.m2/repository/commons-io/commons-io/2.8.0/commons-io-2.8.0.jar:/Users/andrianarison/.m2/repository/org/apache/httpcomponents/httpcore/4.4.14/httpcore-4.4.14.jar:/Users/andrianarison/.m2/repository/io/quarkus/quarkus-junit5/1.11.3.Final/quarkus-junit5-1.11.3.Final.jar:/Users/andrianarison/.m2/repository/io/quarkus/quarkus-bootstrap-core/1.11.3.Final/quarkus-bootstrap-core-1.11.3.Final.jar:/Users/andrianarison/.m2/repository/io/quarkus/quarkus-bootstrap-app-model/1.11.3.Final/quarkus-bootstrap-app-model-1.11.3.Final.jar:/Users/andrianarison/.m2/repository/io/quarkus/quarkus-bootstrap-maven-resolver/1.11.3.Final/quarkus-bootstrap-maven-resolver-1.11.3.Final.jar:/Users/andrianarison/.m2/repository/org/apache/maven/maven-embedder/3.6.3/maven-embedder-3.6.3.jar:/Users/andrianarison/.m2/repository/org/apache/maven/maven-settings/3.6.3/maven-settings-3.6.3.jar:/Users/andrianarison/.m2/repository/org/apache/maven/maven-core/3.6.3/maven-core-3.6.3.jar:/Users/andrianarison/.m2/repository/org/apache/maven/maven-artifact/3.6.3/maven-artifact-3.6.3.jar:/Users/andrianarison/.m2/repository/org/codehaus/plexus/plexus-component-annotations/2.1.0/plexus-component-annotations-2.1.0.jar:/Users/andrianarison/.m2/repository/org/apache/maven/maven-plugin-api/3.6.3/maven-plugin-api-3.6.3.jar:/Users/andrianarison/.m2/repository/org/apache/maven/maven-model/3.6.3/maven-model-3.6.3.jar:/Users/andrianarison/.m2/repository/org/apache/maven/maven-model-builder/3.6.3/maven-model-builder-3.6.3.jar:/Users/andrianarison/.m2/repository/org/apache/maven/maven-builder-support/3.6.3/maven-builder-support-3.6.3.jar:/Users/andrianarison/.m2/repository/org/apache/maven/resolver/maven-resolver-api/1.4.1/maven-resolver-api-1.4.1.jar:/Users/andrianarison/.m2/repository/org/apache/maven/resolver/maven-resolver-util/1.4.1/maven-resolver-util-1.4.1.jar:/Users/andrianarison/.m2/repository/org/apache/maven/shared/maven-shared-utils/3.2.1/maven-shared-utils-3.2.1.jar:/Users/andrianarison/.m2/repository/com/google/inject/guice/4.2.1/guice-4.2.1-no_aop.jar:/Users/andrianarison/.m2/repository/com/google/guava/guava/30.1-jre/guava-30.1-jre.jar:/Users/andrianarison/.m2/repository/com/google/guava/failureaccess/1.0.1/failureaccess-1.0.1.jar:/Users/andrianarison/.m2/repository/com/google/guava/listenablefuture/9999.0-empty-to-avoid-conflict-with-guava/listenablefuture-9999.0-empty-to-avoid-conflict-with-guava.jar:/Users/andrianarison/.m2/repository/org/codehaus/plexus/plexus-utils/3.2.1/plexus-utils-3.2.1.jar:/Users/andrianarison/.m2/repository/org/codehaus/plexus/plexus-classworlds/2.6.0/plexus-classworlds-2.6.0.jar:/Users/andrianarison/.m2/repository/commons-cli/commons-cli/1.4/commons-cli-1.4.jar:/Users/andrianarison/.m2/repository/org/eclipse/sisu/org.eclipse.sisu.plexus/0.3.4/org.eclipse.sisu.plexus-0.3.4.jar:/Users/andrianarison/.m2/repository/org/apache/maven/maven-settings-builder/3.6.3/maven-settings-builder-3.6.3.jar:/Users/andrianarison/.m2/repository/org/codehaus/plexus/plexus-interpolation/1.25/plexus-interpolation-1.25.jar:/Users/andrianarison/.m2/repository/org/sonatype/plexus/plexus-sec-dispatcher/1.4/plexus-sec-dispatcher-1.4.jar:/Users/andrianarison/.m2/repository/org/sonatype/plexus/plexus-cipher/1.4/plexus-cipher-1.4.jar:/Users/andrianarison/.m2/repository/org/apache/maven/maven-resolver-provider/3.6.3/maven-resolver-provider-3.6.3.jar:/Users/andrianarison/.m2/repository/org/apache/maven/maven-repository-metadata/3.6.3/maven-repository-metadata-3.6.3.jar:/Users/andrianarison/.m2/repository/org/apache/maven/resolver/maven-resolver-spi/1.4.1/maven-resolver-spi-1.4.1.jar:/Users/andrianarison/.m2/repository/org/apache/maven/resolver/maven-resolver-impl/1.4.1/maven-resolver-impl-1.4.1.jar:/Users/andrianarison/.m2/repository/org/apache/maven/resolver/maven-resolver-connector-basic/1.4.1/maven-resolver-connector-basic-1.4.1.jar:/Users/andrianarison/.m2/repository/org/apache/maven/resolver/maven-resolver-transport-wagon/1.4.1/maven-resolver-transport-wagon-1.4.1.jar:/Users/andrianarison/.m2/repository/org/apache/maven/wagon/wagon-http/3.3.4/wagon-http-3.3.4.jar:/Users/andrianarison/.m2/repository/org/apache/maven/wagon/wagon-http-shared/3.3.4/wagon-http-shared-3.3.4.jar:/Users/andrianarison/.m2/repository/org/jsoup/jsoup/1.12.1/jsoup-1.12.1.jar:/Users/andrianarison/.m2/repository/org/apache/maven/wagon/wagon-provider-api/3.3.4/wagon-provider-api-3.3.4.jar:/Users/andrianarison/.m2/repository/org/apache/maven/wagon/wagon-file/3.3.4/wagon-file-3.3.4.jar:/Users/andrianarison/.m2/repository/io/quarkus/quarkus-bootstrap-gradle-resolver/1.11.3.Final/quarkus-bootstrap-gradle-resolver-1.11.3.Final.jar:/Users/andrianarison/.m2/repository/io/smallrye/common/smallrye-common-io/1.5.0/smallrye-common-io-1.5.0.jar:/Users/andrianarison/.m2/repository/org/eclipse/sisu/org.eclipse.sisu.inject/0.3.4/org.eclipse.sisu.inject-0.3.4.jar:/Users/andrianarison/.m2/repository/io/quarkus/quarkus-test-common/1.11.3.Final/quarkus-test-common-1.11.3.Final.jar:/Users/andrianarison/.m2/repository/io/quarkus/quarkus-core-deployment/1.11.3.Final/quarkus-core-deployment-1.11.3.Final.jar:/Users/andrianarison/.m2/repository/io/quarkus/gizmo/gizmo/1.0.6.Final/gizmo-1.0.6.Final.jar:/Users/andrianarison/.m2/repository/org/ow2/asm/asm-util/9.0/asm-util-9.0.jar:/Users/andrianarison/.m2/repository/org/ow2/asm/asm-tree/9.0/asm-tree-9.0.jar:/Users/andrianarison/.m2/repository/org/ow2/asm/asm-analysis/9.0/asm-analysis-9.0.jar:/Users/andrianarison/.m2/repository/org/ow2/asm/asm/9.0/asm-9.0.jar:/Users/andrianarison/.m2/repository/io/quarkus/quarkus-class-change-agent/1.11.3.Final/quarkus-class-change-agent-1.11.3.Final.jar:/Users/andrianarison/.m2/repository/io/quarkus/quarkus-devtools-utilities/1.11.3.Final/quarkus-devtools-utilities-1.11.3.Final.jar:/Users/andrianarison/.m2/repository/io/quarkus/quarkus-builder/1.11.3.Final/quarkus-builder-1.11.3.Final.jar:/Users/andrianarison/.m2/repository/io/quarkus/quarkus-jsonp-deployment/1.11.3.Final/quarkus-jsonp-deployment-1.11.3.Final.jar:/Users/andrianarison/.m2/repository/io/quarkus/quarkus-jsonp/1.11.3.Final/quarkus-jsonp-1.11.3.Final.jar:/Users/andrianarison/.m2/repository/org/glassfish/jakarta.json/1.1.6/jakarta.json-1.1.6.jar:/Users/andrianarison/.m2/repository/org/jboss/jandex/2.2.2.Final/jandex-2.2.2.Final.jar:/Users/andrianarison/.m2/repository/org/jboss/logging/commons-logging-jboss-logging/1.0.0.Final/commons-logging-jboss-logging-1.0.0.Final.jar:/Users/andrianarison/.m2/repository/org/junit/jupiter/junit-jupiter/5.7.0/junit-jupiter-5.7.0.jar:/Users/andrianarison/.m2/repository/org/junit/jupiter/junit-jupiter-api/5.7.0/junit-jupiter-api-5.7.0.jar:/Users/andrianarison/.m2/repository/org/apiguardian/apiguardian-api/1.1.0/apiguardian-api-1.1.0.jar:/Users/andrianarison/.m2/repository/org/opentest4j/opentest4j/1.2.0/opentest4j-1.2.0.jar:/Users/andrianarison/.m2/repository/org/junit/platform/junit-platform-commons/1.7.0/junit-platform-commons-1.7.0.jar:/Users/andrianarison/.m2/repository/org/junit/jupiter/junit-jupiter-params/5.7.0/junit-jupiter-params-5.7.0.jar:/Users/andrianarison/.m2/repository/org/junit/jupiter/junit-jupiter-engine/5.7.0/junit-jupiter-engine-5.7.0.jar:/Users/andrianarison/.m2/repository/org/junit/platform/junit-platform-engine/1.7.0/junit-platform-engine-1.7.0.jar:/Users/andrianarison/.m2/repository/com/thoughtworks/xstream/xstream/1.4.15/xstream-1.4.15.jar:/Users/andrianarison/.m2/repository/xmlpull/xmlpull/1.1.3.1/xmlpull-1.1.3.1.jar:/Users/andrianarison/.m2/repository/xpp3/xpp3_min/1.1.4c/xpp3_min-1.1.4c.jar:/Users/andrianarison/.m2/repository/io/rest-assured/rest-assured/4.3.3/rest-assured-4.3.3.jar:/Users/andrianarison/.m2/repository/org/codehaus/groovy/groovy/3.0.7/groovy-3.0.7.jar:/Users/andrianarison/.m2/repository/org/codehaus/groovy/groovy-xml/3.0.7/groovy-xml-3.0.7.jar:/Users/andrianarison/.m2/repository/org/apache/httpcomponents/httpclient/4.5.13/httpclient-4.5.13.jar:/Users/andrianarison/.m2/repository/commons-codec/commons-codec/1.14/commons-codec-1.14.jar:/Users/andrianarison/.m2/repository/org/apache/httpcomponents/httpmime/4.5.13/httpmime-4.5.13.jar:/Users/andrianarison/.m2/repository/org/hamcrest/hamcrest/2.1/hamcrest-2.1.jar:/Users/andrianarison/.m2/repository/org/ccil/cowan/tagsoup/tagsoup/1.2.1/tagsoup-1.2.1.jar:/Users/andrianarison/.m2/repository/io/rest-assured/json-path/4.3.3/json-path-4.3.3.jar:/Users/andrianarison/.m2/repository/org/codehaus/groovy/groovy-json/3.0.7/groovy-json-3.0.7.jar:/Users/andrianarison/.m2/repository/io/rest-assured/rest-assured-common/4.3.3/rest-assured-common-4.3.3.jar:/Users/andrianarison/.m2/repository/io/rest-assured/xml-path/4.3.3/xml-path-4.3.3.jar:/Users/andrianarison/.m2/repository/org/apache/commons/commons-lang3/3.11/commons-lang3-3.11.jar:/Users/andrianarison/.m2/repository/jakarta/xml/bind/jakarta.xml.bind-api/2.3.3/jakarta.xml.bind-api-2.3.3.jar:/Users/andrianarison/.m2/repository/jakarta/activation/jakarta.activation-api/1.2.1/jakarta.activation-api-1.2.1.jar:/Users/andrianarison/.m2/repository/com/sun/xml/bind/jaxb-impl/2.3.3/jaxb-impl-2.3.3.jar:"/>
    <property name="java.vm.vendor" value="Oracle Corporation"/>
    <property name="sun.arch.data.model" value="64"/>
    <property name="java.vendor.url" value="https://openjdk.java.net/"/>
    <property name="user.timezone" value="Indian/Antananarivo"/>
    <property name="os.name" value="Mac OS X"/>
    <property name="java.vm.specification.version" value="13"/>
    <property name="user.country" value="MG"/>
    <property name="sun.java.launcher" value="SUN_STANDARD"/>
    <property name="sun.boot.library.path" value="/usr/local/Cellar/openjdk/13.0.2+8_2/libexec/openjdk.jdk/Contents/Home/lib"/>
    <property name="sun.java.command" value="/Users/andrianarison/Desktop/hello/target/surefire/surefirebooter3566269847333029795.jar /Users/andrianarison/Desktop/hello/target/surefire 2021-03-06T19-13-30_246-jvmRun1 surefire15311562693427763209tmp surefire_07152522043922185317tmp"/>
    <property name="http.nonProxyHosts" value="local|*.local|169.254/16|*.169.254/16"/>
    <property name="maven.home" value="/usr/local/Cellar/maven/3.6.3_1/libexec"/>
    <property name="jdk.debug" value="release"/>
    <property name="surefire.test.class.path" value="/Users/andrianarison/Desktop/hello/target/test-classes:/Users/andrianarison/Desktop/hello/target/classes:/Users/andrianarison/.m2/repository/io/quarkus/quarkus-resteasy/1.11.3.Final/quarkus-resteasy-1.11.3.Final.jar:/Users/andrianarison/.m2/repository/io/quarkus/quarkus-vertx-http/1.11.3.Final/quarkus-vertx-http-1.11.3.Final.jar:/Users/andrianarison/.m2/repository/io/quarkus/quarkus-security-runtime-spi/1.11.3.Final/quarkus-security-runtime-spi-1.11.3.Final.jar:/Users/andrianarison/.m2/repository/io/quarkus/quarkus-vertx-http-dev-console-runtime-spi/1.11.3.Final/quarkus-vertx-http-dev-console-runtime-spi-1.11.3.Final.jar:/Users/andrianarison/.m2/repository/io/quarkus/quarkus-vertx-core/1.11.3.Final/quarkus-vertx-core-1.11.3.Final.jar:/Users/andrianarison/.m2/repository/io/vertx/vertx-web/3.9.5/vertx-web-3.9.5.jar:/Users/andrianarison/.m2/repository/io/vertx/vertx-web-common/3.9.5/vertx-web-common-3.9.5.jar:/Users/andrianarison/.m2/repository/io/vertx/vertx-auth-common/3.9.5/vertx-auth-common-3.9.5.jar:/Users/andrianarison/.m2/repository/io/vertx/vertx-bridge-common/3.9.5/vertx-bridge-common-3.9.5.jar:/Users/andrianarison/.m2/repository/io/quarkus/quarkus-resteasy-server-common/1.11.3.Final/quarkus-resteasy-server-common-1.11.3.Final.jar:/Users/andrianarison/.m2/repository/io/quarkus/quarkus-resteasy-common/1.11.3.Final/quarkus-resteasy-common-1.11.3.Final.jar:/Users/andrianarison/.m2/repository/org/jboss/resteasy/resteasy-core/4.5.8.SP1/resteasy-core-4.5.8.SP1.jar:/Users/andrianarison/.m2/repository/org/jboss/spec/javax/ws/rs/jboss-jaxrs-api_2.1_spec/2.0.1.Final/jboss-jaxrs-api_2.1_spec-2.0.1.Final.jar:/Users/andrianarison/.m2/repository/org/jboss/spec/javax/xml/bind/jboss-jaxb-api_2.3_spec/2.0.0.Final/jboss-jaxb-api_2.3_spec-2.0.0.Final.jar:/Users/andrianarison/.m2/repository/org/jboss/resteasy/resteasy-core-spi/4.5.8.SP1/resteasy-core-spi-4.5.8.SP1.jar:/Users/andrianarison/.m2/repository/com/ibm/async/asyncutil/0.1.0/asyncutil-0.1.0.jar:/Users/andrianarison/.m2/repository/org/eclipse/microprofile/config/microprofile-config-api/1.4/microprofile-config-api-1.4.jar:/Users/andrianarison/.m2/repository/com/sun/activation/jakarta.activation/1.2.1/jakarta.activation-1.2.1.jar:/Users/andrianarison/.m2/repository/jakarta/validation/jakarta.validation-api/2.0.2/jakarta.validation-api-2.0.2.jar:/Users/andrianarison/.m2/repository/io/quarkus/quarkus-undertow/1.11.3.Final/quarkus-undertow-1.11.3.Final.jar:/Users/andrianarison/.m2/repository/io/quarkus/quarkus-arc/1.11.3.Final/quarkus-arc-1.11.3.Final.jar:/Users/andrianarison/.m2/repository/io/quarkus/arc/arc/1.11.3.Final/arc-1.11.3.Final.jar:/Users/andrianarison/.m2/repository/jakarta/transaction/jakarta.transaction-api/1.3.3/jakarta.transaction-api-1.3.3.jar:/Users/andrianarison/.m2/repository/io/quarkus/security/quarkus-security/1.1.3.Final/quarkus-security-1.1.3.Final.jar:/Users/andrianarison/.m2/repository/org/jboss/logging/jboss-logging/3.4.1.Final/jboss-logging-3.4.1.Final.jar:/Users/andrianarison/.m2/repository/io/smallrye/reactive/mutiny/0.12.5/mutiny-0.12.5.jar:/Users/andrianarison/.m2/repository/org/reactivestreams/reactive-streams/1.0.3/reactive-streams-1.0.3.jar:/Users/andrianarison/.m2/repository/jakarta/enterprise/jakarta.enterprise.cdi-api/2.0.2/jakarta.enterprise.cdi-api-2.0.2.jar:/Users/andrianarison/.m2/repository/jakarta/el/jakarta.el-api/3.0.3/jakarta.el-api-3.0.3.jar:/Users/andrianarison/.m2/repository/jakarta/interceptor/jakarta.interceptor-api/1.2.5/jakarta.interceptor-api-1.2.5.jar:/Users/andrianarison/.m2/repository/jakarta/inject/jakarta.inject-api/1.0/jakarta.inject-api-1.0.jar:/Users/andrianarison/.m2/repository/io/quarkus/http/quarkus-http-servlet/3.0.18.Final/quarkus-http-servlet-3.0.18.Final.jar:/Users/andrianarison/.m2/repository/jakarta/servlet/jakarta.servlet-api/4.0.3/jakarta.servlet-api-4.0.3.jar:/Users/andrianarison/.m2/repository/jakarta/annotation/jakarta.annotation-api/1.3.5/jakarta.annotation-api-1.3.5.jar:/Users/andrianarison/.m2/repository/io/quarkus/http/quarkus-http-vertx-backend/3.0.18.Final/quarkus-http-vertx-backend-3.0.18.Final.jar:/Users/andrianarison/.m2/repository/io/vertx/vertx-core/3.9.5/vertx-core-3.9.5.jar:/Users/andrianarison/.m2/repository/io/netty/netty-common/4.1.49.Final/netty-common-4.1.49.Final.jar:/Users/andrianarison/.m2/repository/io/netty/netty-buffer/4.1.49.Final/netty-buffer-4.1.49.Final.jar:/Users/andrianarison/.m2/repository/io/netty/netty-transport/4.1.49.Final/netty-transport-4.1.49.Final.jar:/Users/andrianarison/.m2/repository/io/netty/netty-handler/4.1.49.Final/netty-handler-4.1.49.Final.jar:/Users/andrianarison/.m2/repository/io/netty/netty-handler-proxy/4.1.49.Final/netty-handler-proxy-4.1.49.Final.jar:/Users/andrianarison/.m2/repository/io/netty/netty-codec-socks/4.1.49.Final/netty-codec-socks-4.1.49.Final.jar:/Users/andrianarison/.m2/repository/io/netty/netty-codec-http2/4.1.49.Final/netty-codec-http2-4.1.49.Final.jar:/Users/andrianarison/.m2/repository/io/netty/netty-resolver/4.1.49.Final/netty-resolver-4.1.49.Final.jar:/Users/andrianarison/.m2/repository/io/netty/netty-resolver-dns/4.1.49.Final/netty-resolver-dns-4.1.49.Final.jar:/Users/andrianarison/.m2/repository/io/netty/netty-codec-dns/4.1.49.Final/netty-codec-dns-4.1.49.Final.jar:/Users/andrianarison/.m2/repository/io/quarkus/http/quarkus-http-http-core/3.0.18.Final/quarkus-http-http-core-3.0.18.Final.jar:/Users/andrianarison/.m2/repository/io/quarkus/http/quarkus-http-core/3.0.18.Final/quarkus-http-core-3.0.18.Final.jar:/Users/andrianarison/.m2/repository/io/netty/netty-codec-http/4.1.49.Final/netty-codec-http-4.1.49.Final.jar:/Users/andrianarison/.m2/repository/io/netty/netty-codec/4.1.49.Final/netty-codec-4.1.49.Final.jar:/Users/andrianarison/.m2/repository/io/quarkus/quarkus-core/1.11.3.Final/quarkus-core-1.11.3.Final.jar:/Users/andrianarison/.m2/repository/io/quarkus/quarkus-ide-launcher/1.11.3.Final/quarkus-ide-launcher-1.11.3.Final.jar:/Users/andrianarison/.m2/repository/io/quarkus/quarkus-development-mode-spi/1.11.3.Final/quarkus-development-mode-spi-1.11.3.Final.jar:/Users/andrianarison/.m2/repository/io/smallrye/config/smallrye-config/1.10.2/smallrye-config-1.10.2.jar:/Users/andrianarison/.m2/repository/io/smallrye/config/smallrye-config-common/1.10.2/smallrye-config-common-1.10.2.jar:/Users/andrianarison/.m2/repository/io/smallrye/common/smallrye-common-expression/1.5.0/smallrye-common-expression-1.5.0.jar:/Users/andrianarison/.m2/repository/io/smallrye/common/smallrye-common-function/1.5.0/smallrye-common-function-1.5.0.jar:/Users/andrianarison/.m2/repository/io/smallrye/common/smallrye-common-constraint/1.5.0/smallrye-common-constraint-1.5.0.jar:/Users/andrianarison/.m2/repository/io/smallrye/common/smallrye-common-classloader/1.5.0/smallrye-common-classloader-1.5.0.jar:/Users/andrianarison/.m2/repository/org/jboss/logmanager/jboss-logmanager-embedded/1.0.6/jboss-logmanager-embedded-1.0.6.jar:/Users/andrianarison/.m2/repository/org/jboss/logging/jboss-logging-annotations/2.2.0.Final/jboss-logging-annotations-2.2.0.Final.jar:/Users/andrianarison/.m2/repository/org/jboss/threads/jboss-threads/3.2.0.Final/jboss-threads-3.2.0.Final.jar:/Users/andrianarison/.m2/repository/org/slf4j/slf4j-api/1.7.30/slf4j-api-1.7.30.jar:/Users/andrianarison/.m2/repository/org/jboss/slf4j/slf4j-jboss-logmanager/1.1.0.Final/slf4j-jboss-logmanager-1.1.0.Final.jar:/Users/andrianarison/.m2/repository/org/graalvm/sdk/graal-sdk/20.3.1/graal-sdk-20.3.1.jar:/Users/andrianarison/.m2/repository/org/wildfly/common/wildfly-common/1.5.4.Final-format-001/wildfly-common-1.5.4.Final-format-001.jar:/Users/andrianarison/.m2/repository/io/quarkus/quarkus-bootstrap-runner/1.11.3.Final/quarkus-bootstrap-runner-1.11.3.Final.jar:/Users/andrianarison/.m2/repository/org/eclipse/microprofile/context-propagation/microprofile-context-propagation-api/1.0.1/microprofile-context-propagation-api-1.0.1.jar:/Users/andrianarison/.m2/repository/io/quarkus/quarkus-vertx-web/1.11.3.Final/quarkus-vertx-web-1.11.3.Final.jar:/Users/andrianarison/.m2/repository/io/quarkus/quarkus-vertx/1.11.3.Final/quarkus-vertx-1.11.3.Final.jar:/Users/andrianarison/.m2/repository/io/quarkus/quarkus-netty/1.11.3.Final/quarkus-netty-1.11.3.Final.jar:/Users/andrianarison/.m2/repository/io/smallrye/reactive/smallrye-axle-generator/1.3.0/smallrye-axle-generator-1.3.0.jar:/Users/andrianarison/.m2/repository/io/smallrye/reactive/mutiny-reactive-streams-operators/0.12.5/mutiny-reactive-streams-operators-0.12.5.jar:/Users/andrianarison/.m2/repository/org/eclipse/microprofile/reactive-streams-operators/microprofile-reactive-streams-operators-api/1.0.1/microprofile-reactive-streams-operators-api-1.0.1.jar:/Users/andrianarison/.m2/repository/org/eclipse/microprofile/reactive-streams-operators/microprofile-reactive-streams-operators-core/1.0.1/microprofile-reactive-streams-operators-core-1.0.1.jar:/Users/andrianarison/.m2/repository/io/smallrye/reactive/smallrye-axle-core/1.3.0/smallrye-axle-core-1.3.0.jar:/Users/andrianarison/.m2/repository/io/vertx/vertx-rx-java2/3.9.5/vertx-rx-java2-3.9.5.jar:/Users/andrianarison/.m2/repository/io/reactivex/rxjava2/rxjava/2.2.20/rxjava-2.2.20.jar:/Users/andrianarison/.m2/repository/io/vertx/vertx-rx-gen/3.9.5/vertx-rx-gen-3.9.5.jar:/Users/andrianarison/.m2/repository/io/vertx/vertx-codegen/3.9.5/vertx-codegen-3.9.5.jar:/Users/andrianarison/.m2/repository/org/mvel/mvel2/2.3.1.Final/mvel2-2.3.1.Final.jar:/Users/andrianarison/.m2/repository/io/quarkus/quarkus-mutiny/1.11.3.Final/quarkus-mutiny-1.11.3.Final.jar:/Users/andrianarison/.m2/repository/io/quarkus/quarkus-smallrye-context-propagation/1.11.3.Final/quarkus-smallrye-context-propagation-1.11.3.Final.jar:/Users/andrianarison/.m2/repository/io/smallrye/smallrye-context-propagation/1.0.19/smallrye-context-propagation-1.0.19.jar:/Users/andrianarison/.m2/repository/io/smallrye/smallrye-context-propagation-api/1.0.19/smallrye-context-propagation-api-1.0.19.jar:/Users/andrianarison/.m2/repository/io/smallrye/reactive/mutiny-context-propagation/0.12.5/mutiny-context-propagation-0.12.5.jar:/Users/andrianarison/.m2/repository/io/smallrye/reactive/smallrye-mutiny-vertx-core/1.3.0/smallrye-mutiny-vertx-core-1.3.0.jar:/Users/andrianarison/.m2/repository/io/smallrye/reactive/smallrye-mutiny-vertx-runtime/1.3.0/smallrye-mutiny-vertx-runtime-1.3.0.jar:/Users/andrianarison/.m2/repository/io/smallrye/reactive/vertx-mutiny-generator/1.3.0/vertx-mutiny-generator-1.3.0.jar:/Users/andrianarison/.m2/repository/io/smallrye/common/smallrye-common-annotation/1.5.0/smallrye-common-annotation-1.5.0.jar:/Users/andrianarison/.m2/repository/io/quarkus/quarkus-funqy-http/1.11.3.Final/quarkus-funqy-http-1.11.3.Final.jar:/Users/andrianarison/.m2/repository/io/quarkus/quarkus-funqy-server-common/1.11.3.Final/quarkus-funqy-server-common-1.11.3.Final.jar:/Users/andrianarison/.m2/repository/io/quarkus/quarkus-jackson/1.11.3.Final/quarkus-jackson-1.11.3.Final.jar:/Users/andrianarison/.m2/repository/com/fasterxml/jackson/core/jackson-databind/2.11.3/jackson-databind-2.11.3.jar:/Users/andrianarison/.m2/repository/com/fasterxml/jackson/core/jackson-annotations/2.11.3/jackson-annotations-2.11.3.jar:/Users/andrianarison/.m2/repository/com/fasterxml/jackson/core/jackson-core/2.11.3/jackson-core-2.11.3.jar:/Users/andrianarison/.m2/repository/com/fasterxml/jackson/datatype/jackson-datatype-jsr310/2.11.3/jackson-datatype-jsr310-2.11.3.jar:/Users/andrianarison/.m2/repository/com/fasterxml/jackson/datatype/jackson-datatype-jdk8/2.11.3/jackson-datatype-jdk8-2.11.3.jar:/Users/andrianarison/.m2/repository/com/fasterxml/jackson/module/jackson-module-parameter-names/2.11.3/jackson-module-parameter-names-2.11.3.jar:/Users/andrianarison/.m2/repository/io/quarkus/quarkus-amazon-lambda-http/1.11.3.Final/quarkus-amazon-lambda-http-1.11.3.Final.jar:/Users/andrianarison/.m2/repository/io/quarkus/quarkus-amazon-lambda/1.11.3.Final/quarkus-amazon-lambda-1.11.3.Final.jar:/Users/andrianarison/.m2/repository/io/quarkus/quarkus-amazon-lambda-common/1.11.3.Final/quarkus-amazon-lambda-common-1.11.3.Final.jar:/Users/andrianarison/.m2/repository/com/amazonaws/aws-lambda-java-events/3.7.0/aws-lambda-java-events-3.7.0.jar:/Users/andrianarison/.m2/repository/com/fasterxml/jackson/datatype/jackson-datatype-joda/2.11.3/jackson-datatype-joda-2.11.3.jar:/Users/andrianarison/.m2/repository/joda-time/joda-time/2.9.9/joda-time-2.9.9.jar:/Users/andrianarison/.m2/repository/com/amazonaws/serverless/aws-serverless-java-container-core/1.3.1/aws-serverless-java-container-core-1.3.1.jar:/Users/andrianarison/.m2/repository/com/amazonaws/aws-lambda-java-core/1.2.1/aws-lambda-java-core-1.2.1.jar:/Users/andrianarison/.m2/repository/com/fasterxml/jackson/module/jackson-module-afterburner/2.11.3/jackson-module-afterburner-2.11.3.jar:/Users/andrianarison/.m2/repository/commons-fileupload/commons-fileupload/1.4/commons-fileupload-1.4.jar:/Users/andrianarison/.m2/repository/commons-io/commons-io/2.8.0/commons-io-2.8.0.jar:/Users/andrianarison/.m2/repository/org/apache/httpcomponents/httpcore/4.4.14/httpcore-4.4.14.jar:/Users/andrianarison/.m2/repository/io/quarkus/quarkus-junit5/1.11.3.Final/quarkus-junit5-1.11.3.Final.jar:/Users/andrianarison/.m2/repository/io/quarkus/quarkus-bootstrap-core/1.11.3.Final/quarkus-bootstrap-core-1.11.3.Final.jar:/Users/andrianarison/.m2/repository/io/quarkus/quarkus-bootstrap-app-model/1.11.3.Final/quarkus-bootstrap-app-model-1.11.3.Final.jar:/Users/andrianarison/.m2/repository/io/quarkus/quarkus-bootstrap-maven-resolver/1.11.3.Final/quarkus-bootstrap-maven-resolver-1.11.3.Final.jar:/Users/andrianarison/.m2/repository/org/apache/maven/maven-embedder/3.6.3/maven-embedder-3.6.3.jar:/Users/andrianarison/.m2/repository/org/apache/maven/maven-settings/3.6.3/maven-settings-3.6.3.jar:/Users/andrianarison/.m2/repository/org/apache/maven/maven-core/3.6.3/maven-core-3.6.3.jar:/Users/andrianarison/.m2/repository/org/apache/maven/maven-artifact/3.6.3/maven-artifact-3.6.3.jar:/Users/andrianarison/.m2/repository/org/codehaus/plexus/plexus-component-annotations/2.1.0/plexus-component-annotations-2.1.0.jar:/Users/andrianarison/.m2/repository/org/apache/maven/maven-plugin-api/3.6.3/maven-plugin-api-3.6.3.jar:/Users/andrianarison/.m2/repository/org/apache/maven/maven-model/3.6.3/maven-model-3.6.3.jar:/Users/andrianarison/.m2/repository/org/apache/maven/maven-model-builder/3.6.3/maven-model-builder-3.6.3.jar:/Users/andrianarison/.m2/repository/org/apache/maven/maven-builder-support/3.6.3/maven-builder-support-3.6.3.jar:/Users/andrianarison/.m2/repository/org/apache/maven/resolver/maven-resolver-api/1.4.1/maven-resolver-api-1.4.1.jar:/Users/andrianarison/.m2/repository/org/apache/maven/resolver/maven-resolver-util/1.4.1/maven-resolver-util-1.4.1.jar:/Users/andrianarison/.m2/repository/org/apache/maven/shared/maven-shared-utils/3.2.1/maven-shared-utils-3.2.1.jar:/Users/andrianarison/.m2/repository/com/google/inject/guice/4.2.1/guice-4.2.1-no_aop.jar:/Users/andrianarison/.m2/repository/com/google/guava/guava/30.1-jre/guava-30.1-jre.jar:/Users/andrianarison/.m2/repository/com/google/guava/failureaccess/1.0.1/failureaccess-1.0.1.jar:/Users/andrianarison/.m2/repository/com/google/guava/listenablefuture/9999.0-empty-to-avoid-conflict-with-guava/listenablefuture-9999.0-empty-to-avoid-conflict-with-guava.jar:/Users/andrianarison/.m2/repository/org/codehaus/plexus/plexus-utils/3.2.1/plexus-utils-3.2.1.jar:/Users/andrianarison/.m2/repository/org/codehaus/plexus/plexus-classworlds/2.6.0/plexus-classworlds-2.6.0.jar:/Users/andrianarison/.m2/repository/commons-cli/commons-cli/1.4/commons-cli-1.4.jar:/Users/andrianarison/.m2/repository/org/eclipse/sisu/org.eclipse.sisu.plexus/0.3.4/org.eclipse.sisu.plexus-0.3.4.jar:/Users/andrianarison/.m2/repository/org/apache/maven/maven-settings-builder/3.6.3/maven-settings-builder-3.6.3.jar:/Users/andrianarison/.m2/repository/org/codehaus/plexus/plexus-interpolation/1.25/plexus-interpolation-1.25.jar:/Users/andrianarison/.m2/repository/org/sonatype/plexus/plexus-sec-dispatcher/1.4/plexus-sec-dispatcher-1.4.jar:/Users/andrianarison/.m2/repository/org/sonatype/plexus/plexus-cipher/1.4/plexus-cipher-1.4.jar:/Users/andrianarison/.m2/repository/org/apache/maven/maven-resolver-provider/3.6.3/maven-resolver-provider-3.6.3.jar:/Users/andrianarison/.m2/repository/org/apache/maven/maven-repository-metadata/3.6.3/maven-repository-metadata-3.6.3.jar:/Users/andrianarison/.m2/repository/org/apache/maven/resolver/maven-resolver-spi/1.4.1/maven-resolver-spi-1.4.1.jar:/Users/andrianarison/.m2/repository/org/apache/maven/resolver/maven-resolver-impl/1.4.1/maven-resolver-impl-1.4.1.jar:/Users/andrianarison/.m2/repository/org/apache/maven/resolver/maven-resolver-connector-basic/1.4.1/maven-resolver-connector-basic-1.4.1.jar:/Users/andrianarison/.m2/repository/org/apache/maven/resolver/maven-resolver-transport-wagon/1.4.1/maven-resolver-transport-wagon-1.4.1.jar:/Users/andrianarison/.m2/repository/org/apache/maven/wagon/wagon-http/3.3.4/wagon-http-3.3.4.jar:/Users/andrianarison/.m2/repository/org/apache/maven/wagon/wagon-http-shared/3.3.4/wagon-http-shared-3.3.4.jar:/Users/andrianarison/.m2/repository/org/jsoup/jsoup/1.12.1/jsoup-1.12.1.jar:/Users/andrianarison/.m2/repository/org/apache/maven/wagon/wagon-provider-api/3.3.4/wagon-provider-api-3.3.4.jar:/Users/andrianarison/.m2/repository/org/apache/maven/wagon/wagon-file/3.3.4/wagon-file-3.3.4.jar:/Users/andrianarison/.m2/repository/io/quarkus/quarkus-bootstrap-gradle-resolver/1.11.3.Final/quarkus-bootstrap-gradle-resolver-1.11.3.Final.jar:/Users/andrianarison/.m2/repository/io/smallrye/common/smallrye-common-io/1.5.0/smallrye-common-io-1.5.0.jar:/Users/andrianarison/.m2/repository/org/eclipse/sisu/org.eclipse.sisu.inject/0.3.4/org.eclipse.sisu.inject-0.3.4.jar:/Users/andrianarison/.m2/repository/io/quarkus/quarkus-test-common/1.11.3.Final/quarkus-test-common-1.11.3.Final.jar:/Users/andrianarison/.m2/repository/io/quarkus/quarkus-core-deployment/1.11.3.Final/quarkus-core-deployment-1.11.3.Final.jar:/Users/andrianarison/.m2/repository/io/quarkus/gizmo/gizmo/1.0.6.Final/gizmo-1.0.6.Final.jar:/Users/andrianarison/.m2/repository/org/ow2/asm/asm-util/9.0/asm-util-9.0.jar:/Users/andrianarison/.m2/repository/org/ow2/asm/asm-tree/9.0/asm-tree-9.0.jar:/Users/andrianarison/.m2/repository/org/ow2/asm/asm-analysis/9.0/asm-analysis-9.0.jar:/Users/andrianarison/.m2/repository/org/ow2/asm/asm/9.0/asm-9.0.jar:/Users/andrianarison/.m2/repository/io/quarkus/quarkus-class-change-agent/1.11.3.Final/quarkus-class-change-agent-1.11.3.Final.jar:/Users/andrianarison/.m2/repository/io/quarkus/quarkus-devtools-utilities/1.11.3.Final/quarkus-devtools-utilities-1.11.3.Final.jar:/Users/andrianarison/.m2/repository/io/quarkus/quarkus-builder/1.11.3.Final/quarkus-builder-1.11.3.Final.jar:/Users/andrianarison/.m2/repository/io/quarkus/quarkus-jsonp-deployment/1.11.3.Final/quarkus-jsonp-deployment-1.11.3.Final.jar:/Users/andrianarison/.m2/repository/io/quarkus/quarkus-jsonp/1.11.3.Final/quarkus-jsonp-1.11.3.Final.jar:/Users/andrianarison/.m2/repository/org/glassfish/jakarta.json/1.1.6/jakarta.json-1.1.6.jar:/Users/andrianarison/.m2/repository/org/jboss/jandex/2.2.2.Final/jandex-2.2.2.Final.jar:/Users/andrianarison/.m2/repository/org/jboss/logging/commons-logging-jboss-logging/1.0.0.Final/commons-logging-jboss-logging-1.0.0.Final.jar:/Users/andrianarison/.m2/repository/org/junit/jupiter/junit-jupiter/5.7.0/junit-jupiter-5.7.0.jar:/Users/andrianarison/.m2/repository/org/junit/jupiter/junit-jupiter-api/5.7.0/junit-jupiter-api-5.7.0.jar:/Users/andrianarison/.m2/repository/org/apiguardian/apiguardian-api/1.1.0/apiguardian-api-1.1.0.jar:/Users/andrianarison/.m2/repository/org/opentest4j/opentest4j/1.2.0/opentest4j-1.2.0.jar:/Users/andrianarison/.m2/repository/org/junit/platform/junit-platform-commons/1.7.0/junit-platform-commons-1.7.0.jar:/Users/andrianarison/.m2/repository/org/junit/jupiter/junit-jupiter-params/5.7.0/junit-jupiter-params-5.7.0.jar:/Users/andrianarison/.m2/repository/org/junit/jupiter/junit-jupiter-engine/5.7.0/junit-jupiter-engine-5.7.0.jar:/Users/andrianarison/.m2/repository/org/junit/platform/junit-platform-engine/1.7.0/junit-platform-engine-1.7.0.jar:/Users/andrianarison/.m2/repository/com/thoughtworks/xstream/xstream/1.4.15/xstream-1.4.15.jar:/Users/andrianarison/.m2/repository/xmlpull/xmlpull/1.1.3.1/xmlpull-1.1.3.1.jar:/Users/andrianarison/.m2/repository/xpp3/xpp3_min/1.1.4c/xpp3_min-1.1.4c.jar:/Users/andrianarison/.m2/repository/io/rest-assured/rest-assured/4.3.3/rest-assured-4.3.3.jar:/Users/andrianarison/.m2/repository/org/codehaus/groovy/groovy/3.0.7/groovy-3.0.7.jar:/Users/andrianarison/.m2/repository/org/codehaus/groovy/groovy-xml/3.0.7/groovy-xml-3.0.7.jar:/Users/andrianarison/.m2/repository/org/apache/httpcomponents/httpclient/4.5.13/httpclient-4.5.13.jar:/Users/andrianarison/.m2/repository/commons-codec/commons-codec/1.14/commons-codec-1.14.jar:/Users/andrianarison/.m2/repository/org/apache/httpcomponents/httpmime/4.5.13/httpmime-4.5.13.jar:/Users/andrianarison/.m2/repository/org/hamcrest/hamcrest/2.1/hamcrest-2.1.jar:/Users/andrianarison/.m2/repository/org/ccil/cowan/tagsoup/tagsoup/1.2.1/tagsoup-1.2.1.jar:/Users/andrianarison/.m2/repository/io/rest-assured/json-path/4.3.3/json-path-4.3.3.jar:/Users/andrianarison/.m2/repository/org/codehaus/groovy/groovy-json/3.0.7/groovy-json-3.0.7.jar:/Users/andrianarison/.m2/repository/io/rest-assured/rest-assured-common/4.3.3/rest-assured-common-4.3.3.jar:/Users/andrianarison/.m2/repository/io/rest-assured/xml-path/4.3.3/xml-path-4.3.3.jar:/Users/andrianarison/.m2/repository/org/apache/commons/commons-lang3/3.11/commons-lang3-3.11.jar:/Users/andrianarison/.m2/repository/jakarta/xml/bind/jakarta.xml.bind-api/2.3.3/jakarta.xml.bind-api-2.3.3.jar:/Users/andrianarison/.m2/repository/jakarta/activation/jakarta.activation-api/1.2.1/jakarta.activation-api-1.2.1.jar:/Users/andrianarison/.m2/repository/com/sun/xml/bind/jaxb-impl/2.3.3/jaxb-impl-2.3.3.jar:"/>
    <property name="sun.cpu.endian" value="little"/>
    <property name="user.home" value="/Users/andrianarison"/>
    <property name="user.language" value="en"/>
    <property name="java.specification.vendor" value="Oracle Corporation"/>
    <property name="io.netty.allocator.maxOrder" value="1"/>
    <property name="java.version.date" value="2020-01-14"/>
    <property name="java.home" value="/usr/local/Cellar/openjdk/13.0.2+8_2/libexec/openjdk.jdk/Contents/Home"/>
    <property name="file.separator" value="/"/>
    <property name="basedir" value="/Users/andrianarison/Desktop/hello"/>
    <property name="java.vm.compressedOopsMode" value="Zero based"/>
    <property name="line.separator" value="&#10;"/>
    <property name="java.vm.specification.vendor" value="Oracle Corporation"/>
    <property name="java.specification.name" value="Java Platform API Specification"/>
    <property name="surefire.real.class.path" value="/Users/andrianarison/Desktop/hello/target/surefire/surefirebooter3566269847333029795.jar"/>
    <property name="sun.management.compiler" value="HotSpot 64-Bit Tiered Compilers"/>
    <property name="ftp.nonProxyHosts" value="local|*.local|169.254/16|*.169.254/16"/>
    <property name="java.runtime.version" value="13.0.2+8"/>
    <property name="user.name" value="andrianarison"/>
    <property name="path.separator" value=":"/>
    <property name="os.version" value="10.14.6"/>
    <property name="java.runtime.name" value="OpenJDK Runtime Environment"/>
    <property name="file.encoding" value="US-ASCII"/>
    <property name="sun.nio.ch.bugLevel" value=""/>
    <property name="java.vm.name" value="OpenJDK 64-Bit Server VM"/>
    <property name="io.netty.noJdkZlibDecoder" value="false"/>
    <property name="localRepository" value="/Users/andrianarison/.m2/repository"/>
    <property name="java.vendor.url.bug" value="https://bugreport.java.com/bugreport/"/>
    <property name="java.io.tmpdir" value="/var/folders/fs/fh5h1cqn3_9_6sb9ttbml1q80000gn/T/"/>
    <property name="quarkus.log.file.path" value="target/quarkus.log"/>
    <property name="java.version" value="13.0.2"/>
    <property name="user.dir" value="/Users/andrianarison/Desktop/hello"/>
    <property name="os.arch" value="x86_64"/>
    <property name="java.vm.specification.name" value="Java Virtual Machine Specification"/>
    <property name="vertx.disableDnsResolver" value="true"/>
    <property name="java.util.logging.manager" value="org.jboss.logmanager.LogManager"/>
    <property name="java.library.path" value="/Users/andrianarison/Library/Java/Extensions:/Library/Java/Extensions:/Network/Library/Java/Extensions:/System/Library/Java/Extensions:/usr/lib/java:."/>
    <property name="java.vm.info" value="mixed mode, sharing"/>
    <property name="java.vendor" value="N/A"/>
    <property name="java.vm.version" value="13.0.2+8"/>
    <property name="sun.io.unicode.encoding" value="UnicodeBig"/>
    <property name="io.netty.machineId" value="b2:22:35:2f:19:d1:ab:83"/>
    <property name="socksNonProxyHosts" value="local|*.local|169.254/16|*.169.254/16"/>
    <property name="java.class.version" value="57.0"/>
  </properties>
  <testcase name="testFunqy" classname="mg.hello.GreetingTest" time="2.659">
    <system-out><![CDATA[2021-03-06 19:13:50,724 INFO  [io.quarkus] (main) Quarkus 1.11.3.Final on JVM started in 6.791s. Listening on: http://localhost:8081
2021-03-06 19:13:50,729 INFO  [io.quarkus] (main) Profile test activated. 
2021-03-06 19:13:50,729 INFO  [io.quarkus] (main) Installed features: [amazon-lambda, cdi, funqy-http, mutiny, resteasy, servlet, smallrye-context-propagation, vertx, vertx-web]
]]></system-out>
  </testcase>
  <testcase name="testJaxrs" classname="mg.hello.GreetingTest" time="0.119"/>
  <testcase name="testVertx" classname="mg.hello.GreetingTest" time="0.03"/>
  <testcase name="testServlet" classname="mg.hello.GreetingTest" time="0.033"/>
</testsuite>